<?xml version="1.0" encoding="UTF-8"?>
<!-- Generated by org.testng.reporters.JUnitReportReporter -->
<testsuite skipped="0" hostname="LAPTOP-CC2LEVQH" name="com.Bookingkit.Task.BookingKitTaskUsingTestNG" tests="1" failures="0" timestamp="14 Okt 2018 11:03:16 GMT" time="19.082" errors="0">
  <testcase name="main" time="19.082" classname="com.Bookingkit.Task.BookingKitTaskUsingTestNG"/>
</testsuite> <!-- com.Bookingkit.Task.BookingKitTaskUsingTestNG -->
